{"C:\\dev\\intramural\\app\\api\\admin\\matches\\[matchId]\\score\\route.ts": {"path":"C:\\dev\\intramural\\app\\api\\admin\\matches\\[matchId]\\score\\route.ts","statementMap":{"0":{"start":{"line":9,"column":0},"end":{"line":9,"column":7}},"1":{"start":{"line":1,"column":0},"end":{"line":1,"column":56}},"2":{"start":{"line":2,"column":0},"end":{"line":2,"column":35}},"3":{"start":{"line":3,"column":0},"end":{"line":3,"column":46}},"4":{"start":{"line":4,"column":0},"end":{"line":4,"column":54}},"5":{"start":{"line":5,"column":0},"end":{"line":5,"column":40}},"6":{"start":{"line":6,"column":0},"end":{"line":6,"column":77}},"7":{"start":{"line":7,"column":0},"end":{"line":7,"column":68}},"8":{"start":{"line":10,"column":18},"end":{"line":10,"column":36}},"9":{"start":{"line":11,"column":2},"end":{"line":13,"column":3}},"10":{"start":{"line":12,"column":4},"end":{"line":12,"column":73}},"11":{"start":{"line":15,"column":19},"end":{"line":15,"column":39}},"12":{"start":{"line":16,"column":2},"end":{"line":18,"column":3}},"13":{"start":{"line":17,"column":4},"end":{"line":17,"column":78}},"14":{"start":{"line":20,"column":13},"end":{"line":20,"column":40}},"15":{"start":{"line":21,"column":22},"end":{"line":25,"column":null}},"16":{"start":{"line":27,"column":2},"end":{"line":29,"column":3}},"17":{"start":{"line":28,"column":4},"end":{"line":28,"column":70}},"18":{"start":{"line":31,"column":15},"end":{"line":31,"column":49}},"19":{"start":{"line":31,"column":44},"end":{"line":31,"column":48}},"20":{"start":{"line":32,"column":17},"end":{"line":32,"column":58}},"21":{"start":{"line":33,"column":2},"end":{"line":35,"column":3}},"22":{"start":{"line":34,"column":4},"end":{"line":34,"column":74}},"23":{"start":{"line":37,"column":38},"end":{"line":37,"column":49}},"24":{"start":{"line":38,"column":20},"end":{"line":38,"column":30}},"25":{"start":{"line":40,"column":22},"end":{"line":43,"column":14}},"26":{"start":{"line":45,"column":2},"end":{"line":70,"column":3}},"27":{"start":{"line":46,"column":19},"end":{"line":46,"column":54}},"28":{"start":{"line":47,"column":4},"end":{"line":49,"column":5}},"29":{"start":{"line":48,"column":6},"end":{"line":48,"column":85}},"30":{"start":{"line":51,"column":4},"end":{"line":60,"column":6}},"31":{"start":{"line":61,"column":4},"end":{"line":64,"column":6}},"32":{"start":{"line":66,"column":4},"end":{"line":69,"column":6}},"33":{"start":{"line":72,"column":2},"end":{"line":80,"column":5}},"34":{"start":{"line":82,"column":2},"end":{"line":82,"column":62}}},"fnMap":{"0":{"name":"PATCH","decl":{"start":{"line":9,"column":22},"end":{"line":9,"column":27}},"loc":{"start":{"line":9,"column":89},"end":{"line":83,"column":1}}},"1":{"name":"(anonymous_1)","decl":{"start":{"line":31,"column":38},"end":{"line":31,"column":41}},"loc":{"start":{"line":31,"column":44},"end":{"line":31,"column":48}}}},"branchMap":{"0":{"loc":{"start":{"line":11,"column":2},"end":{"line":13,"column":3}},"type":"if","locations":[{"start":{"line":11,"column":2},"end":{"line":13,"column":3}},{"start":{},"end":{}}]},"1":{"loc":{"start":{"line":16,"column":2},"end":{"line":18,"column":3}},"type":"if","locations":[{"start":{"line":16,"column":2},"end":{"line":18,"column":3}},{"start":{},"end":{}}]},"2":{"loc":{"start":{"line":27,"column":2},"end":{"line":29,"column":3}},"type":"if","locations":[{"start":{"line":27,"column":2},"end":{"line":29,"column":3}},{"start":{},"end":{}}]},"3":{"loc":{"start":{"line":33,"column":2},"end":{"line":35,"column":3}},"type":"if","locations":[{"start":{"line":33,"column":2},"end":{"line":35,"column":3}},{"start":{},"end":{}}]},"4":{"loc":{"start":{"line":45,"column":2},"end":{"line":70,"column":3}},"type":"if","locations":[{"start":{"line":45,"column":2},"end":{"line":70,"column":3}},{"start":{"line":65,"column":9},"end":{"line":70,"column":3}}]},"5":{"loc":{"start":{"line":47,"column":4},"end":{"line":49,"column":5}},"type":"if","locations":[{"start":{"line":47,"column":4},"end":{"line":49,"column":5}},{"start":{},"end":{}}]}},"s":{"0":1,"1":1,"2":1,"3":1,"4":1,"5":1,"6":1,"7":1,"8":5,"9":5,"10":1,"11":4,"12":4,"13":0,"14":4,"15":4,"16":4,"17":3,"18":1,"19":0,"20":1,"21":1,"22":1,"23":0,"24":0,"25":0,"26":0,"27":0,"28":0,"29":0,"30":0,"31":0,"32":0,"33":0,"34":0},"f":{"0":5,"1":0},"b":{"0":[1,4],"1":[0,4],"2":[3,1],"3":[1,0],"4":[0,0],"5":[0,0]}}
,"C:\\dev\\intramural\\app\\api\\admin\\teams\\[teamId]\\route.ts": {"path":"C:\\dev\\intramural\\app\\api\\admin\\teams\\[teamId]\\route.ts","statementMap":{"0":{"start":{"line":25,"column":0},"end":{"line":25,"column":7}},"1":{"start":{"line":1,"column":0},"end":{"line":1,"column":56}},"2":{"start":{"line":2,"column":0},"end":{"line":2,"column":35}},"3":{"start":{"line":3,"column":0},"end":{"line":3,"column":24}},"4":{"start":{"line":4,"column":0},"end":{"line":4,"column":49}},"5":{"start":{"line":5,"column":0},"end":{"line":5,"column":55}},"6":{"start":{"line":6,"column":0},"end":{"line":6,"column":46}},"7":{"start":{"line":8,"column":30},"end":{"line":11,"column":2}},"8":{"start":{"line":13,"column":45},"end":{"line":17,"column":2}},"9":{"start":{"line":19,"column":46},"end":{"line":23,"column":2}},"10":{"start":{"line":29,"column":18},"end":{"line":29,"column":45}},"11":{"start":{"line":30,"column":2},"end":{"line":30,"column":85}},"12":{"start":{"line":30,"column":16},"end":{"line":30,"column":85}},"13":{"start":{"line":31,"column":2},"end":{"line":33,"column":3}},"14":{"start":{"line":32,"column":4},"end":{"line":32,"column":70}},"15":{"start":{"line":35,"column":15},"end":{"line":35,"column":49}},"16":{"start":{"line":35,"column":44},"end":{"line":35,"column":48}},"17":{"start":{"line":36,"column":17},"end":{"line":36,"column":54}},"18":{"start":{"line":37,"column":2},"end":{"line":39,"column":3}},"19":{"start":{"line":38,"column":4},"end":{"line":38,"column":107}},"20":{"start":{"line":41,"column":29},"end":{"line":41,"column":40}},"21":{"start":{"line":42,"column":13},"end":{"line":42,"column":48}},"22":{"start":{"line":44,"column":15},"end":{"line":44,"column":89}},"23":{"start":{"line":45,"column":2},"end":{"line":45,"column":84}},"24":{"start":{"line":45,"column":13},"end":{"line":45,"column":84}},"25":{"start":{"line":47,"column":14},"end":{"line":47,"column":24}},"26":{"start":{"line":48,"column":2},"end":{"line":51,"column":4}},"27":{"start":{"line":53,"column":2},"end":{"line":61,"column":5}},"28":{"start":{"line":63,"column":2},"end":{"line":63,"column":59}}},"fnMap":{"0":{"name":"PATCH","decl":{"start":{"line":25,"column":22},"end":{"line":25,"column":27}},"loc":{"start":{"line":27,"column":44},"end":{"line":64,"column":1}}},"1":{"name":"(anonymous_1)","decl":{"start":{"line":35,"column":38},"end":{"line":35,"column":41}},"loc":{"start":{"line":35,"column":44},"end":{"line":35,"column":48}}}},"branchMap":{"0":{"loc":{"start":{"line":30,"column":2},"end":{"line":30,"column":85}},"type":"if","locations":[{"start":{"line":30,"column":2},"end":{"line":30,"column":85}},{"start":{},"end":{}}]},"1":{"loc":{"start":{"line":31,"column":2},"end":{"line":33,"column":3}},"type":"if","locations":[{"start":{"line":31,"column":2},"end":{"line":33,"column":3}},{"start":{},"end":{}}]},"2":{"loc":{"start":{"line":37,"column":2},"end":{"line":39,"column":3}},"type":"if","locations":[{"start":{"line":37,"column":2},"end":{"line":39,"column":3}},{"start":{},"end":{}}]},"3":{"loc":{"start":{"line":45,"column":2},"end":{"line":45,"column":84}},"type":"if","locations":[{"start":{"line":45,"column":2},"end":{"line":45,"column":84}},{"start":{},"end":{}}]},"4":{"loc":{"start":{"line":60,"column":24},"end":{"line":60,"column":38}},"type":"binary-expr","locations":[{"start":{"line":60,"column":24},"end":{"line":60,"column":30}},{"start":{"line":60,"column":34},"end":{"line":60,"column":38}}]}},"s":{"0":1,"1":1,"2":1,"3":1,"4":1,"5":1,"6":1,"7":1,"8":1,"9":1,"10":4,"11":4,"12":1,"13":3,"14":2,"15":1,"16":0,"17":1,"18":1,"19":0,"20":1,"21":1,"22":1,"23":1,"24":0,"25":1,"26":1,"27":1,"28":1},"f":{"0":4,"1":0},"b":{"0":[1,3],"1":[2,1],"2":[0,1],"3":[0,1],"4":[1,0]}}
,"C:\\dev\\intramural\\app\\api\\admin\\waivers\\route.ts": {"path":"C:\\dev\\intramural\\app\\api\\admin\\waivers\\route.ts","statementMap":{"0":{"start":{"line":18,"column":0},"end":{"line":18,"column":7}},"1":{"start":{"line":1,"column":0},"end":{"line":1,"column":56}},"2":{"start":{"line":2,"column":0},"end":{"line":2,"column":40}},"3":{"start":{"line":3,"column":0},"end":{"line":3,"column":54}},"4":{"start":{"line":4,"column":0},"end":{"line":4,"column":46}},"5":{"start":{"line":5,"column":0},"end":{"line":5,"column":38}},"6":{"start":{"line":6,"column":0},"end":{"line":6,"column":77}},"7":{"start":{"line":7,"column":0},"end":{"line":7,"column":24}},"8":{"start":{"line":8,"column":0},"end":{"line":8,"column":35}},"9":{"start":{"line":11,"column":26},"end":{"line":16,"column":2}},"10":{"start":{"line":19,"column":2},"end":{"line":127,"column":3}},"11":{"start":{"line":21,"column":20},"end":{"line":21,"column":38}},"12":{"start":{"line":22,"column":4},"end":{"line":24,"column":5}},"13":{"start":{"line":23,"column":6},"end":{"line":23,"column":75}},"14":{"start":{"line":26,"column":21},"end":{"line":26,"column":41}},"15":{"start":{"line":27,"column":4},"end":{"line":27,"column":93}},"16":{"start":{"line":27,"column":19},"end":{"line":27,"column":93}},"17":{"start":{"line":30,"column":16},"end":{"line":30,"column":43}},"18":{"start":{"line":31,"column":24},"end":{"line":35,"column":null}},"19":{"start":{"line":37,"column":4},"end":{"line":39,"column":5}},"20":{"start":{"line":38,"column":6},"end":{"line":38,"column":72}},"21":{"start":{"line":42,"column":29},"end":{"line":42,"column":45}},"22":{"start":{"line":43,"column":24},"end":{"line":48,"column":6}},"23":{"start":{"line":50,"column":4},"end":{"line":55,"column":5}},"24":{"start":{"line":51,"column":6},"end":{"line":54,"column":8}},"25":{"start":{"line":57,"column":46},"end":{"line":57,"column":62}},"26":{"start":{"line":58,"column":15},"end":{"line":58,"column":18}},"27":{"start":{"line":59,"column":21},"end":{"line":59,"column":34}},"28":{"start":{"line":62,"column":40},"end":{"line":62,"column":42}},"29":{"start":{"line":63,"column":4},"end":{"line":63,"column":46}},"30":{"start":{"line":63,"column":18},"end":{"line":63,"column":46}},"31":{"start":{"line":64,"column":4},"end":{"line":64,"column":40}},"32":{"start":{"line":64,"column":16},"end":{"line":64,"column":40}},"33":{"start":{"line":67,"column":17},"end":{"line":67,"column":35}},"34":{"start":{"line":70,"column":37},"end":{"line":78,"column":6}},"35":{"start":{"line":81,"column":20},"end":{"line":81,"column":71}},"36":{"start":{"line":81,"column":59},"end":{"line":81,"column":68}},"37":{"start":{"line":82,"column":18},"end":{"line":87,"column":10}},"38":{"start":{"line":85,"column":58},"end":{"line":85,"column":74}},"39":{"start":{"line":89,"column":41},"end":{"line":89,"column":43}},"40":{"start":{"line":90,"column":4},"end":{"line":92,"column":5}},"41":{"start":{"line":91,"column":6},"end":{"line":91,"column":36}},"42":{"start":{"line":94,"column":21},"end":{"line":111,"column":6}},"43":{"start":{"line":95,"column":19},"end":{"line":95,"column":43}},"44":{"start":{"line":96,"column":6},"end":{"line":110,"column":8}},"45":{"start":{"line":114,"column":4},"end":{"line":122,"column":7}},"46":{"start":{"line":125,"column":4},"end":{"line":125,"column":55}},"47":{"start":{"line":126,"column":4},"end":{"line":126,"column":82}}},"fnMap":{"0":{"name":"GET","decl":{"start":{"line":18,"column":22},"end":{"line":18,"column":25}},"loc":{"start":{"line":18,"column":42},"end":{"line":128,"column":1}}},"1":{"name":"(anonymous_1)","decl":{"start":{"line":81,"column":47},"end":{"line":81,"column":48}},"loc":{"start":{"line":81,"column":59},"end":{"line":81,"column":68}}},"2":{"name":"(anonymous_2)","decl":{"start":{"line":85,"column":42},"end":{"line":85,"column":43}},"loc":{"start":{"line":85,"column":58},"end":{"line":85,"column":74}}},"3":{"name":"(anonymous_3)","decl":{"start":{"line":94,"column":36},"end":{"line":94,"column":37}},"loc":{"start":{"line":94,"column":47},"end":{"line":111,"column":5}}}},"branchMap":{"0":{"loc":{"start":{"line":22,"column":4},"end":{"line":24,"column":5}},"type":"if","locations":[{"start":{"line":22,"column":4},"end":{"line":24,"column":5}},{"start":{},"end":{}}]},"1":{"loc":{"start":{"line":27,"column":4},"end":{"line":27,"column":93}},"type":"if","locations":[{"start":{"line":27,"column":4},"end":{"line":27,"column":93}},{"start":{},"end":{}}]},"2":{"loc":{"start":{"line":37,"column":4},"end":{"line":39,"column":5}},"type":"if","locations":[{"start":{"line":37,"column":4},"end":{"line":39,"column":5}},{"start":{},"end":{}}]},"3":{"loc":{"start":{"line":50,"column":4},"end":{"line":55,"column":5}},"type":"if","locations":[{"start":{"line":50,"column":4},"end":{"line":55,"column":5}},{"start":{},"end":{}}]},"4":{"loc":{"start":{"line":63,"column":4},"end":{"line":63,"column":46}},"type":"if","locations":[{"start":{"line":63,"column":4},"end":{"line":63,"column":46}},{"start":{},"end":{}}]},"5":{"loc":{"start":{"line":64,"column":4},"end":{"line":64,"column":40}},"type":"if","locations":[{"start":{"line":64,"column":4},"end":{"line":64,"column":40}},{"start":{},"end":{}}]},"6":{"loc":{"start":{"line":82,"column":18},"end":{"line":87,"column":10}},"type":"cond-expr","locations":[{"start":{"line":83,"column":8},"end":{"line":86,"column":20}},{"start":{"line":87,"column":8},"end":{"line":87,"column":10}}]},"7":{"loc":{"start":{"line":95,"column":19},"end":{"line":95,"column":43}},"type":"binary-expr","locations":[{"start":{"line":95,"column":19},"end":{"line":95,"column":37}},{"start":{"line":95,"column":41},"end":{"line":95,"column":43}}]},"8":{"loc":{"start":{"line":99,"column":19},"end":{"line":101,"column":35}},"type":"cond-expr","locations":[{"start":{"line":100,"column":12},"end":{"line":100,"column":50}},{"start":{"line":101,"column":12},"end":{"line":101,"column":35}}]},"9":{"loc":{"start":{"line":101,"column":12},"end":{"line":101,"column":35}},"type":"binary-expr","locations":[{"start":{"line":101,"column":12},"end":{"line":101,"column":22}},{"start":{"line":101,"column":26},"end":{"line":101,"column":35}}]},"10":{"loc":{"start":{"line":102,"column":20},"end":{"line":102,"column":43}},"type":"binary-expr","locations":[{"start":{"line":102,"column":20},"end":{"line":102,"column":30}},{"start":{"line":102,"column":34},"end":{"line":102,"column":43}}]}},"s":{"0":1,"1":1,"2":1,"3":1,"4":1,"5":1,"6":1,"7":1,"8":1,"9":1,"10":4,"11":4,"12":4,"13":1,"14":3,"15":3,"16":0,"17":3,"18":3,"19":3,"20":2,"21":1,"22":1,"23":1,"24":1,"25":0,"26":0,"27":0,"28":0,"29":0,"30":0,"31":0,"32":0,"33":0,"34":0,"35":0,"36":0,"37":0,"38":0,"39":0,"40":0,"41":0,"42":0,"43":0,"44":0,"45":0,"46":0,"47":0},"f":{"0":4,"1":0,"2":0,"3":0},"b":{"0":[1,3],"1":[0,3],"2":[2,1],"3":[1,0],"4":[0,0],"5":[0,0],"6":[0,0],"7":[0,0],"8":[0,0],"9":[0,0],"10":[0,0]}}
,"C:\\dev\\intramural\\app\\api\\matches\\[matchId]\\incidents\\route.ts": {"path":"C:\\dev\\intramural\\app\\api\\matches\\[matchId]\\incidents\\route.ts","statementMap":{"0":{"start":{"line":15,"column":0},"end":{"line":15,"column":7}},"1":{"start":{"line":1,"column":0},"end":{"line":1,"column":56}},"2":{"start":{"line":2,"column":0},"end":{"line":2,"column":35}},"3":{"start":{"line":3,"column":0},"end":{"line":3,"column":24}},"4":{"start":{"line":4,"column":0},"end":{"line":4,"column":40}},"5":{"start":{"line":5,"column":0},"end":{"line":5,"column":54}},"6":{"start":{"line":6,"column":0},"end":{"line":6,"column":46}},"7":{"start":{"line":7,"column":0},"end":{"line":7,"column":77}},"8":{"start":{"line":9,"column":29},"end":{"line":13,"column":2}},"9":{"start":{"line":19,"column":18},"end":{"line":19,"column":36}},"10":{"start":{"line":20,"column":2},"end":{"line":22,"column":3}},"11":{"start":{"line":21,"column":4},"end":{"line":21,"column":73}},"12":{"start":{"line":24,"column":19},"end":{"line":24,"column":39}},"13":{"start":{"line":25,"column":2},"end":{"line":27,"column":3}},"14":{"start":{"line":26,"column":4},"end":{"line":26,"column":78}},"15":{"start":{"line":29,"column":13},"end":{"line":29,"column":40}},"16":{"start":{"line":30,"column":22},"end":{"line":34,"column":null}},"17":{"start":{"line":38,"column":4},"end":{"line":40,"column":51}},"18":{"start":{"line":42,"column":2},"end":{"line":44,"column":3}},"19":{"start":{"line":43,"column":4},"end":{"line":43,"column":70}},"20":{"start":{"line":46,"column":15},"end":{"line":46,"column":49}},"21":{"start":{"line":46,"column":44},"end":{"line":46,"column":48}},"22":{"start":{"line":47,"column":17},"end":{"line":47,"column":53}},"23":{"start":{"line":48,"column":2},"end":{"line":53,"column":3}},"24":{"start":{"line":49,"column":4},"end":{"line":52,"column":6}},"25":{"start":{"line":56,"column":16},"end":{"line":58,"column":51}},"26":{"start":{"line":59,"column":2},"end":{"line":61,"column":3}},"27":{"start":{"line":60,"column":4},"end":{"line":60,"column":76}},"28":{"start":{"line":63,"column":20},"end":{"line":63,"column":30}},"29":{"start":{"line":64,"column":55},"end":{"line":64,"column":66}},"30":{"start":{"line":66,"column":17},"end":{"line":74,"column":4}},"31":{"start":{"line":76,"column":2},"end":{"line":84,"column":5}},"32":{"start":{"line":86,"column":2},"end":{"line":89,"column":4}}},"fnMap":{"0":{"name":"POST","decl":{"start":{"line":15,"column":22},"end":{"line":15,"column":26}},"loc":{"start":{"line":17,"column":45},"end":{"line":90,"column":1}}},"1":{"name":"(anonymous_1)","decl":{"start":{"line":46,"column":38},"end":{"line":46,"column":41}},"loc":{"start":{"line":46,"column":44},"end":{"line":46,"column":48}}}},"branchMap":{"0":{"loc":{"start":{"line":20,"column":2},"end":{"line":22,"column":3}},"type":"if","locations":[{"start":{"line":20,"column":2},"end":{"line":22,"column":3}},{"start":{},"end":{}}]},"1":{"loc":{"start":{"line":25,"column":2},"end":{"line":27,"column":3}},"type":"if","locations":[{"start":{"line":25,"column":2},"end":{"line":27,"column":3}},{"start":{},"end":{}}]},"2":{"loc":{"start":{"line":38,"column":4},"end":{"line":40,"column":51}},"type":"binary-expr","locations":[{"start":{"line":38,"column":4},"end":{"line":38,"column":49}},{"start":{"line":39,"column":4},"end":{"line":39,"column":47}},{"start":{"line":40,"column":4},"end":{"line":40,"column":51}}]},"3":{"loc":{"start":{"line":42,"column":2},"end":{"line":44,"column":3}},"type":"if","locations":[{"start":{"line":42,"column":2},"end":{"line":44,"column":3}},{"start":{},"end":{}}]},"4":{"loc":{"start":{"line":48,"column":2},"end":{"line":53,"column":3}},"type":"if","locations":[{"start":{"line":48,"column":2},"end":{"line":53,"column":3}},{"start":{},"end":{}}]},"5":{"loc":{"start":{"line":59,"column":2},"end":{"line":61,"column":3}},"type":"if","locations":[{"start":{"line":59,"column":2},"end":{"line":61,"column":3}},{"start":{},"end":{}}]},"6":{"loc":{"start":{"line":71,"column":23},"end":{"line":71,"column":46}},"type":"binary-expr","locations":[{"start":{"line":71,"column":23},"end":{"line":71,"column":40}},{"start":{"line":71,"column":44},"end":{"line":71,"column":46}}]}},"s":{"0":1,"1":1,"2":1,"3":1,"4":1,"5":1,"6":1,"7":1,"8":1,"9":5,"10":5,"11":1,"12":4,"13":4,"14":0,"15":4,"16":4,"17":4,"18":4,"19":2,"20":2,"21":0,"22":2,"23":2,"24":0,"25":2,"26":2,"27":0,"28":2,"29":2,"30":2,"31":2,"32":2},"f":{"0":5,"1":0},"b":{"0":[1,4],"1":[0,4],"2":[4,3,2],"3":[2,2],"4":[0,2],"5":[0,2],"6":[2,2]}}
,"C:\\dev\\intramural\\lib\\auth\\permissions.ts": {"path":"C:\\dev\\intramural\\lib\\auth\\permissions.ts","statementMap":{"0":{"start":{"line":46,"column":0},"end":{"line":46,"column":16}},"1":{"start":{"line":60,"column":0},"end":{"line":60,"column":16}},"2":{"start":{"line":3,"column":0},"end":{"line":3,"column":66}},"3":{"start":{"line":8,"column":13},"end":{"line":39,"column":2}},"4":{"start":{"line":47,"column":2},"end":{"line":57,"column":5}},"5":{"start":{"line":48,"column":43},"end":{"line":48,"column":45}},"6":{"start":{"line":49,"column":4},"end":{"line":55,"column":5}},"7":{"start":{"line":50,"column":6},"end":{"line":54,"column":7}},"8":{"start":{"line":51,"column":8},"end":{"line":51,"column":30}},"9":{"start":{"line":52,"column":13},"end":{"line":54,"column":7}},"10":{"start":{"line":53,"column":8},"end":{"line":53,"column":21}},"11":{"start":{"line":56,"column":4},"end":{"line":56,"column":47}},"12":{"start":{"line":66,"column":2},"end":{"line":87,"column":3}},"13":{"start":{"line":68,"column":4},"end":{"line":68,"column":58}},"14":{"start":{"line":68,"column":46},"end":{"line":68,"column":58}},"15":{"start":{"line":70,"column":22},"end":{"line":70,"column":61}},"16":{"start":{"line":73,"column":20},"end":{"line":75,"column":43}},"17":{"start":{"line":77,"column":4},"end":{"line":77,"column":27}},"18":{"start":{"line":77,"column":18},"end":{"line":77,"column":27}},"19":{"start":{"line":80,"column":4},"end":{"line":84,"column":5}},"20":{"start":{"line":81,"column":6},"end":{"line":81,"column":90}},"21":{"start":{"line":81,"column":81},"end":{"line":81,"column":90}},"22":{"start":{"line":82,"column":6},"end":{"line":82,"column":92}},"23":{"start":{"line":82,"column":83},"end":{"line":82,"column":92}},"24":{"start":{"line":83,"column":6},"end":{"line":83,"column":88}},"25":{"start":{"line":83,"column":79},"end":{"line":83,"column":88}},"26":{"start":{"line":86,"column":4},"end":{"line":86,"column":16}},"27":{"start":{"line":89,"column":2},"end":{"line":89,"column":15}}},"fnMap":{"0":{"name":"parseRoleAssignments","decl":{"start":{"line":46,"column":16},"end":{"line":46,"column":36}},"loc":{"start":{"line":46,"column":61},"end":{"line":58,"column":1}}},"1":{"name":"(anonymous_1)","decl":{"start":{"line":47,"column":18},"end":{"line":47,"column":19}},"loc":{"start":{"line":47,"column":26},"end":{"line":57,"column":3}}},"2":{"name":"hasPermission","decl":{"start":{"line":60,"column":16},"end":{"line":60,"column":29}},"loc":{"start":{"line":64,"column":39},"end":{"line":90,"column":1}}}},"branchMap":{"0":{"loc":{"start":{"line":50,"column":6},"end":{"line":54,"column":7}},"type":"if","locations":[{"start":{"line":50,"column":6},"end":{"line":54,"column":7}},{"start":{"line":52,"column":13},"end":{"line":54,"column":7}}]},"1":{"loc":{"start":{"line":52,"column":13},"end":{"line":54,"column":7}},"type":"if","locations":[{"start":{"line":52,"column":13},"end":{"line":54,"column":7}},{"start":{},"end":{}}]},"2":{"loc":{"start":{"line":68,"column":4},"end":{"line":68,"column":58}},"type":"if","locations":[{"start":{"line":68,"column":4},"end":{"line":68,"column":58}},{"start":{},"end":{}}]},"3":{"loc":{"start":{"line":70,"column":22},"end":{"line":70,"column":61}},"type":"binary-expr","locations":[{"start":{"line":70,"column":22},"end":{"line":70,"column":55}},{"start":{"line":70,"column":59},"end":{"line":70,"column":61}}]},"4":{"loc":{"start":{"line":73,"column":20},"end":{"line":75,"column":43}},"type":"binary-expr","locations":[{"start":{"line":73,"column":20},"end":{"line":73,"column":50}},{"start":{"line":74,"column":20},"end":{"line":74,"column":71}},{"start":{"line":75,"column":20},"end":{"line":75,"column":43}}]},"5":{"loc":{"start":{"line":77,"column":4},"end":{"line":77,"column":27}},"type":"if","locations":[{"start":{"line":77,"column":4},"end":{"line":77,"column":27}},{"start":{},"end":{}}]},"6":{"loc":{"start":{"line":80,"column":4},"end":{"line":84,"column":5}},"type":"if","locations":[{"start":{"line":80,"column":4},"end":{"line":84,"column":5}},{"start":{},"end":{}}]},"7":{"loc":{"start":{"line":80,"column":8},"end":{"line":80,"column":34}},"type":"binary-expr","locations":[{"start":{"line":80,"column":8},"end":{"line":80,"column":20}},{"start":{"line":80,"column":24},"end":{"line":80,"column":34}}]},"8":{"loc":{"start":{"line":81,"column":6},"end":{"line":81,"column":90}},"type":"if","locations":[{"start":{"line":81,"column":6},"end":{"line":81,"column":90}},{"start":{},"end":{}}]},"9":{"loc":{"start":{"line":81,"column":10},"end":{"line":81,"column":79}},"type":"binary-expr","locations":[{"start":{"line":81,"column":10},"end":{"line":81,"column":34}},{"start":{"line":81,"column":38},"end":{"line":81,"column":79}}]},"10":{"loc":{"start":{"line":82,"column":6},"end":{"line":82,"column":92}},"type":"if","locations":[{"start":{"line":82,"column":6},"end":{"line":82,"column":92}},{"start":{},"end":{}}]},"11":{"loc":{"start":{"line":82,"column":10},"end":{"line":82,"column":81}},"type":"binary-expr","locations":[{"start":{"line":82,"column":10},"end":{"line":82,"column":35}},{"start":{"line":82,"column":39},"end":{"line":82,"column":81}}]},"12":{"loc":{"start":{"line":83,"column":6},"end":{"line":83,"column":88}},"type":"if","locations":[{"start":{"line":83,"column":6},"end":{"line":83,"column":88}},{"start":{},"end":{}}]},"13":{"loc":{"start":{"line":83,"column":10},"end":{"line":83,"column":77}},"type":"binary-expr","locations":[{"start":{"line":83,"column":10},"end":{"line":83,"column":33}},{"start":{"line":83,"column":37},"end":{"line":83,"column":77}}]}},"s":{"0":2,"1":2,"2":2,"3":2,"4":11,"5":11,"6":11,"7":77,"8":11,"9":66,"10":66,"11":11,"12":64,"13":67,"14":4,"15":63,"16":63,"17":63,"18":41,"19":22,"20":2,"21":0,"22":2,"23":1,"24":1,"25":0,"26":21,"27":39},"f":{"0":11,"1":11,"2":64},"b":{"0":[11,66],"1":[66,0],"2":[4,63],"3":[63,0],"4":[63,41,41],"5":[41,22],"6":[2,20],"7":[22,2],"8":[0,2],"9":[2,0],"10":[1,1],"11":[2,2],"12":[0,1],"13":[1,0]}}
,"C:\\dev\\intramural\\lib\\validations\\match.ts": {"path":"C:\\dev\\intramural\\lib\\validations\\match.ts","statementMap":{"0":{"start":{"line":1,"column":0},"end":{"line":1,"column":24}},"1":{"start":{"line":3,"column":13},"end":{"line":10,"column":3}},"2":{"start":{"line":12,"column":13},"end":{"line":16,"column":3}},"3":{"start":{"line":18,"column":13},"end":{"line":22,"column":3}},"4":{"start":{"line":24,"column":13},"end":{"line":35,"column":3}},"5":{"start":{"line":37,"column":13},"end":{"line":50,"column":3}}},"fnMap":{},"branchMap":{},"s":{"0":1,"1":1,"2":1,"3":1,"4":1,"5":1},"f":{},"b":{}}
,"C:\\dev\\intramural\\lib\\validations\\school.ts": {"path":"C:\\dev\\intramural\\lib\\validations\\school.ts","statementMap":{"0":{"start":{"line":1,"column":0},"end":{"line":1,"column":24}},"1":{"start":{"line":3,"column":13},"end":{"line":10,"column":3}},"2":{"start":{"line":12,"column":13},"end":{"line":18,"column":3}},"3":{"start":{"line":20,"column":13},"end":{"line":24,"column":3}},"4":{"start":{"line":26,"column":13},"end":{"line":41,"column":3}},"5":{"start":{"line":43,"column":13},"end":{"line":60,"column":3}},"6":{"start":{"line":62,"column":13},"end":{"line":85,"column":3}},"7":{"start":{"line":87,"column":13},"end":{"line":113,"column":3}},"8":{"start":{"line":115,"column":13},"end":{"line":129,"column":3}}},"fnMap":{},"branchMap":{},"s":{"0":2,"1":2,"2":2,"3":2,"4":2,"5":2,"6":2,"7":2,"8":2},"f":{},"b":{}}
}
