TN:
SF:app\api\admin\matches\[matchId]\score\route.ts
FN:9,PATCH
FN:31,(anonymous_1)
FNF:2
FNH:1
FNDA:5,PATCH
FNDA:0,(anonymous_1)
DA:1,1
DA:2,1
DA:3,1
DA:4,1
DA:5,1
DA:6,1
DA:7,1
DA:9,1
DA:10,5
DA:11,5
DA:12,1
DA:15,4
DA:16,4
DA:17,0
DA:20,4
DA:21,4
DA:27,4
DA:28,3
DA:31,1
DA:32,1
DA:33,1
DA:34,1
DA:37,0
DA:38,0
DA:40,0
DA:45,0
DA:46,0
DA:47,0
DA:48,0
DA:51,0
DA:61,0
DA:66,0
DA:72,0
DA:82,0
LF:34
LH:21
BRDA:11,0,0,1
BRDA:11,0,1,4
BRDA:16,1,0,0
BRDA:16,1,1,4
BRDA:27,2,0,3
BRDA:27,2,1,1
BRDA:33,3,0,1
BRDA:33,3,1,0
BRDA:45,4,0,0
BRDA:45,4,1,0
BRDA:47,5,0,0
BRDA:47,5,1,0
BRF:12
BRH:6
end_of_record
TN:
SF:app\api\admin\teams\[teamId]\route.ts
FN:25,PATCH
FN:35,(anonymous_1)
FNF:2
FNH:1
FNDA:4,PATCH
FNDA:0,(anonymous_1)
DA:1,1
DA:2,1
DA:3,1
DA:4,1
DA:5,1
DA:6,1
DA:8,1
DA:13,1
DA:19,1
DA:25,1
DA:29,4
DA:30,4
DA:31,3
DA:32,2
DA:35,1
DA:36,1
DA:37,1
DA:38,0
DA:41,1
DA:42,1
DA:44,1
DA:45,1
DA:47,1
DA:48,1
DA:53,1
DA:63,1
LF:26
LH:25
BRDA:30,0,0,1
BRDA:30,0,1,3
BRDA:31,1,0,2
BRDA:31,1,1,1
BRDA:37,2,0,0
BRDA:37,2,1,1
BRDA:45,3,0,0
BRDA:45,3,1,1
BRDA:60,4,0,1
BRDA:60,4,1,0
BRF:10
BRH:7
end_of_record
TN:
SF:app\api\admin\waivers\route.ts
FN:18,GET
FN:81,(anonymous_1)
FN:85,(anonymous_2)
FN:94,(anonymous_3)
FNF:4
FNH:1
FNDA:4,GET
FNDA:0,(anonymous_1)
FNDA:0,(anonymous_2)
FNDA:0,(anonymous_3)
DA:1,1
DA:2,1
DA:3,1
DA:4,1
DA:5,1
DA:6,1
DA:7,1
DA:8,1
DA:11,1
DA:18,1
DA:19,4
DA:21,4
DA:22,4
DA:23,1
DA:26,3
DA:27,3
DA:30,3
DA:31,3
DA:37,3
DA:38,2
DA:42,1
DA:43,1
DA:50,1
DA:51,1
DA:57,0
DA:58,0
DA:59,0
DA:62,0
DA:63,0
DA:64,0
DA:67,0
DA:70,0
DA:81,0
DA:82,0
DA:85,0
DA:89,0
DA:90,0
DA:91,0
DA:94,0
DA:95,0
DA:96,0
DA:114,0
DA:125,0
DA:126,0
LF:44
LH:24
BRDA:22,0,0,1
BRDA:22,0,1,3
BRDA:27,1,0,0
BRDA:27,1,1,3
BRDA:37,2,0,2
BRDA:37,2,1,1
BRDA:50,3,0,1
BRDA:50,3,1,0
BRDA:63,4,0,0
BRDA:63,4,1,0
BRDA:64,5,0,0
BRDA:64,5,1,0
BRDA:82,6,0,0
BRDA:82,6,1,0
BRDA:95,7,0,0
BRDA:95,7,1,0
BRDA:99,8,0,0
BRDA:99,8,1,0
BRDA:101,9,0,0
BRDA:101,9,1,0
BRDA:102,10,0,0
BRDA:102,10,1,0
BRF:22
BRH:6
end_of_record
TN:
SF:app\api\matches\[matchId]\incidents\route.ts
FN:15,POST
FN:46,(anonymous_1)
FNF:2
FNH:1
FNDA:5,POST
FNDA:0,(anonymous_1)
DA:1,1
DA:2,1
DA:3,1
DA:4,1
DA:5,1
DA:6,1
DA:7,1
DA:9,1
DA:15,1
DA:19,5
DA:20,5
DA:21,1
DA:24,4
DA:25,4
DA:26,0
DA:29,4
DA:30,4
DA:38,4
DA:42,4
DA:43,2
DA:46,2
DA:47,2
DA:48,2
DA:49,0
DA:56,2
DA:59,2
DA:60,0
DA:63,2
DA:64,2
DA:66,2
DA:76,2
DA:86,2
LF:32
LH:29
BRDA:20,0,0,1
BRDA:20,0,1,4
BRDA:25,1,0,0
BRDA:25,1,1,4
BRDA:38,2,0,4
BRDA:38,2,1,3
BRDA:38,2,2,2
BRDA:42,3,0,2
BRDA:42,3,1,2
BRDA:48,4,0,0
BRDA:48,4,1,2
BRDA:59,5,0,0
BRDA:59,5,1,2
BRDA:71,6,0,2
BRDA:71,6,1,2
BRF:15
BRH:12
end_of_record
TN:
SF:lib\auth\permissions.ts
FN:46,parseRoleAssignments
FN:47,(anonymous_1)
FN:60,hasPermission
FNF:3
FNH:3
FNDA:11,parseRoleAssignments
FNDA:11,(anonymous_1)
FNDA:64,hasPermission
DA:3,2
DA:8,2
DA:46,2
DA:47,11
DA:48,11
DA:49,11
DA:50,77
DA:51,11
DA:52,66
DA:53,66
DA:56,11
DA:60,2
DA:66,64
DA:68,67
DA:70,63
DA:73,63
DA:77,63
DA:80,22
DA:81,2
DA:82,2
DA:83,1
DA:86,21
DA:89,39
LF:23
LH:23
BRDA:50,0,0,11
BRDA:50,0,1,66
BRDA:52,1,0,66
BRDA:52,1,1,0
BRDA:68,2,0,4
BRDA:68,2,1,63
BRDA:70,3,0,63
BRDA:70,3,1,0
BRDA:73,4,0,63
BRDA:73,4,1,41
BRDA:73,4,2,41
BRDA:77,5,0,41
BRDA:77,5,1,22
BRDA:80,6,0,2
BRDA:80,6,1,20
BRDA:80,7,0,22
BRDA:80,7,1,2
BRDA:81,8,0,0
BRDA:81,8,1,2
BRDA:81,9,0,2
BRDA:81,9,1,0
BRDA:82,10,0,1
BRDA:82,10,1,1
BRDA:82,11,0,2
BRDA:82,11,1,2
BRDA:83,12,0,0
BRDA:83,12,1,1
BRDA:83,13,0,1
BRDA:83,13,1,0
BRF:29
BRH:23
end_of_record
TN:
SF:lib\validations\match.ts
FNF:0
FNH:0
DA:1,1
DA:3,1
DA:12,1
DA:18,1
DA:24,1
DA:37,1
LF:6
LH:6
BRF:0
BRH:0
end_of_record
TN:
SF:lib\validations\school.ts
FNF:0
FNH:0
DA:1,2
DA:3,2
DA:12,2
DA:20,2
DA:26,2
DA:43,2
DA:62,2
DA:87,2
DA:115,2
LF:9
LH:9
BRF:0
BRH:0
end_of_record
